********************************************************************************
DUPLICATOR-LITE PACKAGE-LOG: April 27, 2020 5:18 am
NOTICE: Do NOT post to public sites or forums 
********************************************************************************
VERSION:	1.3.30
WORDPRESS:	4.8.12
PHP INFO:	7.3.16 | SAPI: cgi-fcgi
SERVER:		Apache 
PHP TIME LIMIT: (0) no time limit imposed 
PHP MAX MEMORY: 4294967296 (768M default) 
MEMORY STACK: 10MB

********************************************************************************
DATABASE:
********************************************************************************
BUILD MODE:   MYSQLDUMP
MYSQLTIMEOUT: 5000
MYSQLDUMP:    Is Supported
SQL CREATED: 20200427_altwork_a626c7c3ac25cb835062_20200427051748_database.sql
SQL FILE SIZE: 1.58MB (1655481)
SQL FILE TIME: 2020-04-27 05:18:36
SQL RUNTIME: 0.70 sec.

********************************************************************************
ARCHIVE (ZIP):
********************************************************************************
ARCHIVE DIR:  /home/customer/www/nomads.digitalvillage.network/public_html
ARCHIVE FILE: 20200427_altwork_a626c7c3ac25cb835062_20200427051748_archive.zip
FILTERS: *OFF*
DIRS:
	not set
FILES:
	not set
EXTS:  not set
----------------------------------------
COMPRESSING
SIZE:	213.54MB
STATS:	Dirs 681 | Files 5,589
SQL ADDED: 20200427_altwork_a626c7c3ac25cb835062_20200427051748_database.sql
ZipArchive Object
(
    [status] => 0
    [statusSys] => 0
    [numFiles] => 6270
    [filename] => /home/customer/www/nomads.digitalvillage.network/public_html/wp-snapshots/tmp/20200427_altwork_a626c7c3ac25cb835062_20200427051748_archive.zip
    [comment] => 
)

FILE ADDED TO ZIP: 6269
COMPRESSION RESULT: '1'
COMPRESSED SIZE: 165.59MB
ARCHIVE RUNTIME: 16.82 sec.
MEMORY STACK: 12MB
building installer
add_extra_files1
add_extra_files2
add_extra_files3
add_extra_files4
Doing archive file check
add_extra_files5
add_extra_files6
add_extra_files8
Successfully opened zip /home/customer/www/nomads.digitalvillage.network/public_html/wp-snapshots/tmp/20200427_altwork_a626c7c3ac25cb835062_20200427051748_archive.zip
Adding enhanced installer files to archive using ZipArchive
Installer files added to archive
Added to archive
After ziparchive close when adding installer

********************************************************************************
INTEGRITY CHECKS:
********************************************************************************
SQL FILE: 1.58MB
INSTALLER FILE: 61.32KB
ARCHIVE FILE: 166.93MB 
EXPECTED FILE/DIRECTORY COUNT: 6,270
ACTUAL FILE/DIRECTORY COUNT: 6,269
ARCHIVE CONSISTENCY TEST: Pass

********************************************************************************
RECORD ID:[1]
TOTAL PROCESS RUNTIME: 18.42 sec.
PEAK PHP MEMORY USED: 14MB
DONE PROCESSING => 20200427_altwork April 27, 2020 5:18 am

